<?xml version="1.0" encoding="UTF-8"?>
<testng-results skipped="0" failed="0" ignored="0" total="1" passed="1">
  <reporter-output>
  </reporter-output>
  <suite name="Default suite" duration-ms="34153" started-at="2020-10-24T09:37:54Z" finished-at="2020-10-24T09:38:28Z">
    <groups>
    </groups>
    <test name="Default test" duration-ms="34153" started-at="2020-10-24T09:37:54Z" finished-at="2020-10-24T09:38:28Z">
      <class name="test.TestFramework">
        <test-method status="PASS" signature="openApp()[pri:0, instance:test.TestFramework@2bbf4b8b]" name="openApp" is-config="true" duration-ms="24871" started-at="2020-10-24T09:37:54Z" finished-at="2020-10-24T09:38:19Z">
          <reporter-output>
          </reporter-output>
        </test-method> <!-- openApp -->
        <test-method status="PASS" signature="enter()[pri:0, instance:test.TestFramework@2bbf4b8b]" name="enter" duration-ms="9242" started-at="2020-10-24T09:38:19Z" finished-at="2020-10-24T09:38:28Z">
          <reporter-output>
          </reporter-output>
        </test-method> <!-- enter -->
        <test-method status="PASS" signature="closeApp()[pri:0, instance:test.TestFramework@2bbf4b8b]" name="closeApp" is-config="true" duration-ms="1" started-at="2020-10-24T09:38:28Z" finished-at="2020-10-24T09:38:28Z">
          <reporter-output>
          </reporter-output>
        </test-method> <!-- closeApp -->
      </class> <!-- test.TestFramework -->
    </test> <!-- Default test -->
  </suite> <!-- Default suite -->
</testng-results>
